<?xml version="1.0" encoding="UTF-8"?>
<!-- Generated by org.testng.reporters.JUnitReportReporter -->
<testsuite hostname="Anna" name="com.epam.lab.task2.GmailTest" tests="1" failures="0" timestamp="2 Feb 2018 14:49:20 GMT" time="20.629" errors="0">
  <testcase name="testGmail" time="20.629" classname="com.epam.lab.task2.GmailTest"/>
</testsuite> <!-- com.epam.lab.task2.GmailTest -->
